<?xml version="1.0" encoding="UTF-8"?>
<!-- Generated by org.testng.reporters.JUnitReportReporter -->
<testsuite skipped="0" hostname="DESKTOP-E932GNO" name="com.qa.SpiceJet.Test.BookPageTest" tests="6" failures="0" timestamp="08 Jan 2021 20:26:27 GMT" time="107.923" errors="0">
  <testcase name="verify_oneway_trip_returndate_field_disabled" time="16.444" classname="com.qa.SpiceJet.Test.BookPageTest"/>
  <testcase name="verify_clcikONOneWayRadioBtn" time="14.602" classname="com.qa.SpiceJet.Test.BookPageTest"/>
  <testcase name="verify_SelectDeptCityBangAndArrivalAsPune" time="18.317" classname="com.qa.SpiceJet.Test.BookPageTest"/>
  <testcase name="verify_Select_dept_data_And_Adult_and_INR" time="18.421" classname="com.qa.SpiceJet.Test.BookPageTest"/>
  <testcase name="verify_select_checkBoxForStudent" time="15.525" classname="com.qa.SpiceJet.Test.BookPageTest"/>
  <testcase name="verify_Search_link" time="24.614" classname="com.qa.SpiceJet.Test.BookPageTest"/>
</testsuite> <!-- com.qa.SpiceJet.Test.BookPageTest -->
