<?xml version="1.0" encoding="UTF-8"?>
<!-- Generated by org.testng.reporters.JUnitReportReporter -->
<testsuite skipped="0" hostname="DESKTOP-E932GNO" name="com.qa.SpiceJet.Test.FlightDetailPageTest" tests="1" failures="0" timestamp="08 Jan 2021 20:26:27 GMT" time="50.723" errors="0">
  <testcase name="verify_Student_Discount_Bookings" time="50.723" classname="com.qa.SpiceJet.Test.FlightDetailPageTest"/>
</testsuite> <!-- com.qa.SpiceJet.Test.FlightDetailPageTest -->
